<?xml version="1.0" encoding="utf-8"?>
<coverage line-rate="0.9954000000000001" branch-rate="0.925" version="1.9" timestamp="1677349892" lines-covered="220" lines-valid="221" branches-covered="37" branches-valid="40">
  <sources>
    <source>/Users/marcelopereira/Projetos/FluxoCaixaTeste/FluxoCaixa/</source>
  </sources>
  <packages>
    <package name="FluxoCaixa" line-rate="0.9954000000000001" branch-rate="0.925" complexity="80">
      <classes>
        <class name="FluxoCaixa.Program" filename="Program.cs" line-rate="1" branch-rate="1" complexity="4">
          <methods>
            <method name="Main" signature="(System.String[])" line-rate="1" branch-rate="1" complexity="1">
              <lines>
                <line number="14" hits="13" branch="False" />
                <line number="17" hits="13" branch="False" />
                <line number="18" hits="13" branch="False" />
                <line number="19" hits="13" branch="False" />
              </lines>
            </method>
            <method name="Configuration" signature="(System.String[],Microsoft.AspNetCore.Builder.WebApplicationBuilder&amp;,System.String&amp;)" line-rate="1" branch-rate="1" complexity="1">
              <lines>
                <line number="21" hits="13" branch="False" />
                <line number="22" hits="13" branch="False" />
                <line number="23" hits="13" branch="False" />
                <line number="24" hits="13" branch="False" />
                <line number="25" hits="13" branch="False" />
                <line number="26" hits="13" branch="False" />
                <line number="27" hits="13" branch="False" />
                <line number="28" hits="13" branch="False" />
                <line number="30" hits="13" branch="False" />
                <line number="31" hits="13" branch="False" />
              </lines>
            </method>
            <method name="AppStart" signature="(Microsoft.AspNetCore.Builder.WebApplicationBuilder,System.String)" line-rate="1" branch-rate="1" complexity="1">
              <lines>
                <line number="34" hits="13" branch="False" />
                <line number="35" hits="13" branch="False" />
                <line number="36" hits="13" branch="False" />
                <line number="37" hits="13" branch="False" />
                <line number="39" hits="13" branch="False" />
                <line number="40" hits="13" branch="False" />
                <line number="41" hits="13" branch="False" />
                <line number="42" hits="13" branch="False" />
                <line number="43" hits="13" branch="False" />
              </lines>
            </method>
            <method name=".ctor" signature="()" line-rate="1" branch-rate="1" complexity="1">
              <lines>
                <line number="8" hits="2" branch="False" />
                <line number="9" hits="2" branch="False" />
                <line number="11" hits="2" branch="False" />
              </lines>
            </method>
          </methods>
          <lines>
            <line number="14" hits="13" branch="False" />
            <line number="17" hits="13" branch="False" />
            <line number="18" hits="13" branch="False" />
            <line number="19" hits="13" branch="False" />
            <line number="21" hits="13" branch="False" />
            <line number="22" hits="13" branch="False" />
            <line number="23" hits="13" branch="False" />
            <line number="24" hits="13" branch="False" />
            <line number="25" hits="13" branch="False" />
            <line number="26" hits="13" branch="False" />
            <line number="27" hits="13" branch="False" />
            <line number="28" hits="13" branch="False" />
            <line number="30" hits="13" branch="False" />
            <line number="31" hits="13" branch="False" />
            <line number="34" hits="13" branch="False" />
            <line number="35" hits="13" branch="False" />
            <line number="36" hits="13" branch="False" />
            <line number="37" hits="13" branch="False" />
            <line number="39" hits="13" branch="False" />
            <line number="40" hits="13" branch="False" />
            <line number="41" hits="13" branch="False" />
            <line number="42" hits="13" branch="False" />
            <line number="43" hits="13" branch="False" />
            <line number="8" hits="2" branch="False" />
            <line number="9" hits="2" branch="False" />
            <line number="11" hits="2" branch="False" />
          </lines>
        </class>
        <class name="FluxoCaixa.Servicos.ConsolidadoService" filename="Servicos/ConsolidadoService.cs" line-rate="1" branch-rate="1" complexity="1">
          <methods>
            <method name=".ctor" signature="(FluxoCaixa.DBContext.FluxoCaixaContext)" line-rate="1" branch-rate="1" complexity="1">
              <lines>
                <line number="11" hits="46" branch="False" />
              </lines>
            </method>
          </methods>
          <lines>
            <line number="11" hits="46" branch="False" />
          </lines>
        </class>
        <class name="FluxoCaixa.Servicos.ConsolidadoService/&lt;&gt;c" filename="Servicos/ConsolidadoService.cs" line-rate="1" branch-rate="1" complexity="6">
          <methods>
            <method name="&lt;ObtemConsolidado&gt;b__2_0" signature="(FluxoCaixa.Dominio.Lancamento)" line-rate="1" branch-rate="1" complexity="1">
              <lines>
                <line number="15" hits="9" branch="False" />
              </lines>
            </method>
            <method name="&lt;ObtemConsolidado&gt;b__2_1" signature="(System.Linq.IGrouping`2&lt;System.DateTime,FluxoCaixa.Dominio.Lancamento&gt;)" line-rate="1" branch-rate="1" complexity="1">
              <lines>
                <line number="16" hits="4" branch="False" />
                <line number="17" hits="4" branch="False" />
                <line number="18" hits="7" branch="False" />
                <line number="19" hits="7" branch="False" />
                <line number="20" hits="4" branch="False" />
              </lines>
            </method>
          </methods>
          <lines>
            <line number="15" hits="9" branch="False" />
            <line number="16" hits="4" branch="False" />
            <line number="17" hits="4" branch="False" />
            <line number="18" hits="7" branch="False" />
            <line number="19" hits="7" branch="False" />
            <line number="20" hits="4" branch="False" />
          </lines>
        </class>
        <class name="FluxoCaixa.Servicos.ConsolidadoService/&lt;ObtemConsolidado&gt;d__2" filename="Servicos/ConsolidadoService.cs" line-rate="1" branch-rate="1" complexity="1">
          <methods>
            <method name="MoveNext" signature="()" line-rate="1" branch-rate="1" complexity="1">
              <lines>
                <line number="13" hits="2" branch="False" />
                <line number="14" hits="2" branch="False" />
                <line number="21" hits="2" branch="False" />
                <line number="22" hits="2" branch="False" />
              </lines>
            </method>
          </methods>
          <lines>
            <line number="13" hits="2" branch="False" />
            <line number="14" hits="2" branch="False" />
            <line number="21" hits="2" branch="False" />
            <line number="22" hits="2" branch="False" />
          </lines>
        </class>
        <class name="FluxoCaixa.Servicos.LancamentoService" filename="Servicos/LancamentoService.cs" line-rate="1" branch-rate="1" complexity="1">
          <methods>
            <method name=".ctor" signature="(FluxoCaixa.DBContext.FluxoCaixaContext)" line-rate="1" branch-rate="1" complexity="1">
              <lines>
                <line number="12" hits="46" branch="False" />
              </lines>
            </method>
          </methods>
          <lines>
            <line number="12" hits="46" branch="False" />
          </lines>
        </class>
        <class name="FluxoCaixa.Servicos.LancamentoService/&lt;Ajustar&gt;d__2" filename="Servicos/LancamentoService.cs" line-rate="1" branch-rate="1" complexity="2">
          <methods>
            <method name="MoveNext" signature="()" line-rate="1" branch-rate="1" complexity="2">
              <lines>
                <line number="15" hits="5" branch="False" />
                <line number="16" hits="5" branch="False" />
                <line number="17" hits="6" branch="True" condition-coverage="100% (2/2)">
                  <conditions>
                    <condition number="198" type="jump" coverage="100%" />
                  </conditions>
                </line>
                <line number="18" hits="4" branch="False" />
                <line number="20" hits="1" branch="False" />
                <line number="21" hits="1" branch="False" />
                <line number="22" hits="2" branch="False" />
              </lines>
            </method>
          </methods>
          <lines>
            <line number="15" hits="5" branch="False" />
            <line number="16" hits="5" branch="False" />
            <line number="17" hits="6" branch="True" condition-coverage="100% (2/2)">
              <conditions>
                <condition number="198" type="jump" coverage="100%" />
              </conditions>
            </line>
            <line number="18" hits="4" branch="False" />
            <line number="20" hits="1" branch="False" />
            <line number="21" hits="1" branch="False" />
            <line number="22" hits="2" branch="False" />
          </lines>
        </class>
        <class name="FluxoCaixa.Servicos.LancamentoService/&lt;Buscar&gt;d__5" filename="Servicos/LancamentoService.cs" line-rate="1" branch-rate="1" complexity="2">
          <methods>
            <method name="MoveNext" signature="()" line-rate="1" branch-rate="1" complexity="2">
              <lines>
                <line number="42" hits="3" branch="False" />
                <line number="43" hits="3" branch="False" />
                <line number="44" hits="3" branch="True" condition-coverage="100% (2/2)">
                  <conditions>
                    <condition number="87" type="jump" coverage="100%" />
                  </conditions>
                </line>
                <line number="45" hits="3" branch="False" />
                <line number="46" hits="3" branch="False" />
              </lines>
            </method>
          </methods>
          <lines>
            <line number="42" hits="3" branch="False" />
            <line number="43" hits="3" branch="False" />
            <line number="44" hits="3" branch="True" condition-coverage="100% (2/2)">
              <conditions>
                <condition number="87" type="jump" coverage="100%" />
              </conditions>
            </line>
            <line number="45" hits="3" branch="False" />
            <line number="46" hits="3" branch="False" />
          </lines>
        </class>
        <class name="FluxoCaixa.Servicos.LancamentoService/&lt;Buscar&gt;d__6" filename="Servicos/LancamentoService.cs" line-rate="1" branch-rate="1" complexity="1">
          <methods>
            <method name="MoveNext" signature="()" line-rate="1" branch-rate="1" complexity="1">
              <lines>
                <line number="50" hits="2" branch="False" />
              </lines>
            </method>
          </methods>
          <lines>
            <line number="50" hits="2" branch="False" />
          </lines>
        </class>
        <class name="FluxoCaixa.Servicos.LancamentoService/&lt;Novo&gt;d__3" filename="Servicos/LancamentoService.cs" line-rate="1" branch-rate="1" complexity="1">
          <methods>
            <method name="MoveNext" signature="()" line-rate="1" branch-rate="1" complexity="1">
              <lines>
                <line number="25" hits="9" branch="False" />
                <line number="26" hits="9" branch="False" />
                <line number="27" hits="2" branch="False" />
                <line number="28" hits="2" branch="False" />
                <line number="29" hits="2" branch="False" />
                <line number="30" hits="2" branch="False" />
              </lines>
            </method>
          </methods>
          <lines>
            <line number="25" hits="9" branch="False" />
            <line number="26" hits="9" branch="False" />
            <line number="27" hits="2" branch="False" />
            <line number="28" hits="2" branch="False" />
            <line number="29" hits="2" branch="False" />
            <line number="30" hits="2" branch="False" />
          </lines>
        </class>
        <class name="FluxoCaixa.Servicos.LancamentoService/&lt;Remover&gt;d__4" filename="Servicos/LancamentoService.cs" line-rate="1" branch-rate="1" complexity="2">
          <methods>
            <method name="MoveNext" signature="()" line-rate="1" branch-rate="1" complexity="2">
              <lines>
                <line number="32" hits="2" branch="False" />
                <line number="33" hits="2" branch="False" />
                <line number="34" hits="3" branch="True" condition-coverage="100% (2/2)">
                  <conditions>
                    <condition number="198" type="jump" coverage="100%" />
                  </conditions>
                </line>
                <line number="36" hits="1" branch="False" />
                <line number="37" hits="1" branch="False" />
                <line number="38" hits="1" branch="False" />
                <line number="39" hits="2" branch="False" />
              </lines>
            </method>
          </methods>
          <lines>
            <line number="32" hits="2" branch="False" />
            <line number="33" hits="2" branch="False" />
            <line number="34" hits="3" branch="True" condition-coverage="100% (2/2)">
              <conditions>
                <condition number="198" type="jump" coverage="100%" />
              </conditions>
            </line>
            <line number="36" hits="1" branch="False" />
            <line number="37" hits="1" branch="False" />
            <line number="38" hits="1" branch="False" />
            <line number="39" hits="2" branch="False" />
          </lines>
        </class>
        <class name="FluxoCaixa.Model.LancamentoPayload" filename="Model/LancamentoPayload.cs" line-rate="1" branch-rate="1" complexity="4">
          <methods>
            <method name="get_Descricao" signature="()" line-rate="1" branch-rate="1" complexity="1">
              <lines>
                <line number="7" hits="70" branch="False" />
              </lines>
            </method>
            <method name="get_TipoLancamento" signature="()" line-rate="1" branch-rate="1" complexity="1">
              <lines>
                <line number="8" hits="46" branch="False" />
              </lines>
            </method>
            <method name="get_Data" signature="()" line-rate="1" branch-rate="1" complexity="1">
              <lines>
                <line number="9" hits="70" branch="False" />
              </lines>
            </method>
            <method name="get_Valor" signature="()" line-rate="1" branch-rate="1" complexity="1">
              <lines>
                <line number="10" hits="46" branch="False" />
              </lines>
            </method>
          </methods>
          <lines>
            <line number="7" hits="70" branch="False" />
            <line number="8" hits="46" branch="False" />
            <line number="9" hits="70" branch="False" />
            <line number="10" hits="46" branch="False" />
          </lines>
        </class>
        <class name="FluxoCaixa.Dominio.Consolidado" filename="Dominio/Consolidado.cs" line-rate="1" branch-rate="1" complexity="4">
          <methods>
            <method name="get_Data" signature="()" line-rate="1" branch-rate="1" complexity="1">
              <lines>
                <line number="5" hits="5" branch="False" />
              </lines>
            </method>
            <method name="get_Credito" signature="()" line-rate="1" branch-rate="1" complexity="1">
              <lines>
                <line number="6" hits="10" branch="False" />
              </lines>
            </method>
            <method name="get_Debito" signature="()" line-rate="1" branch-rate="1" complexity="1">
              <lines>
                <line number="7" hits="10" branch="False" />
              </lines>
            </method>
            <method name="get_Saldo" signature="()" line-rate="1" branch-rate="1" complexity="1">
              <lines>
                <line number="8" hits="12" branch="False" />
              </lines>
            </method>
          </methods>
          <lines>
            <line number="5" hits="5" branch="False" />
            <line number="6" hits="10" branch="False" />
            <line number="7" hits="10" branch="False" />
            <line number="8" hits="12" branch="False" />
          </lines>
        </class>
        <class name="FluxoCaixa.Dominio.Lancamento" filename="Dominio/Lancamento.cs" line-rate="1" branch-rate="1" complexity="16">
          <methods>
            <method name="get_Id" signature="()" line-rate="1" branch-rate="1" complexity="1">
              <lines>
                <line number="8" hits="193" branch="False" />
              </lines>
            </method>
            <method name="get_Descricao" signature="()" line-rate="1" branch-rate="1" complexity="1">
              <lines>
                <line number="9" hits="380" branch="False" />
              </lines>
            </method>
            <method name="get_TipoLancamento" signature="()" line-rate="1" branch-rate="1" complexity="1">
              <lines>
                <line number="10" hits="205" branch="False" />
              </lines>
            </method>
            <method name="get_Data" signature="()" line-rate="1" branch-rate="1" complexity="1">
              <lines>
                <line number="11" hits="445" branch="False" />
              </lines>
            </method>
            <method name="get_Valor" signature="()" line-rate="1" branch-rate="1" complexity="1">
              <lines>
                <line number="12" hits="198" branch="False" />
              </lines>
            </method>
            <method name="Atuazliza" signature="(System.String,FluxoCaixa.Dominio.TipoLancamento,System.DateTime,System.Decimal)" line-rate="1" branch-rate="1" complexity="10">
              <lines>
                <line number="20" hits="199" branch="False" />
                <line number="21" hits="199" branch="False" />
                <line number="22" hits="204" branch="True" condition-coverage="100% (2/2)">
                  <conditions>
                    <condition number="21" type="jump" coverage="100%" />
                  </conditions>
                </line>
                <line number="23" hits="205" branch="True" condition-coverage="100% (4/4)">
                  <conditions>
                    <condition number="36" type="jump" coverage="100%" />
                    <condition number="50" type="jump" coverage="100%" />
                  </conditions>
                </line>
                <line number="24" hits="205" branch="True" condition-coverage="100% (2/2)">
                  <conditions>
                    <condition number="72" type="jump" coverage="100%" />
                  </conditions>
                </line>
                <line number="25" hits="216" branch="True" condition-coverage="100% (2/2)">
                  <conditions>
                    <condition number="99" type="jump" coverage="100%" />
                  </conditions>
                </line>
                <line number="27" hits="182" branch="False" />
                <line number="28" hits="182" branch="False" />
                <line number="29" hits="182" branch="False" />
                <line number="30" hits="182" branch="False" />
                <line number="31" hits="182" branch="False" />
              </lines>
            </method>
            <method name=".ctor" signature="(System.Int32,System.String,FluxoCaixa.Dominio.TipoLancamento,System.DateTime,System.Decimal)" line-rate="1" branch-rate="1" complexity="1">
              <lines>
                <line number="13" hits="189" branch="False" />
                <line number="14" hits="189" branch="False" />
                <line number="15" hits="189" branch="False" />
                <line number="16" hits="189" branch="False" />
                <line number="17" hits="180" branch="False" />
              </lines>
            </method>
          </methods>
          <lines>
            <line number="8" hits="193" branch="False" />
            <line number="9" hits="380" branch="False" />
            <line number="10" hits="205" branch="False" />
            <line number="11" hits="445" branch="False" />
            <line number="12" hits="198" branch="False" />
            <line number="20" hits="199" branch="False" />
            <line number="21" hits="199" branch="False" />
            <line number="22" hits="204" branch="True" condition-coverage="100% (2/2)">
              <conditions>
                <condition number="21" type="jump" coverage="100%" />
              </conditions>
            </line>
            <line number="23" hits="205" branch="True" condition-coverage="100% (4/4)">
              <conditions>
                <condition number="36" type="jump" coverage="100%" />
                <condition number="50" type="jump" coverage="100%" />
              </conditions>
            </line>
            <line number="24" hits="205" branch="True" condition-coverage="100% (2/2)">
              <conditions>
                <condition number="72" type="jump" coverage="100%" />
              </conditions>
            </line>
            <line number="25" hits="216" branch="True" condition-coverage="100% (2/2)">
              <conditions>
                <condition number="99" type="jump" coverage="100%" />
              </conditions>
            </line>
            <line number="27" hits="182" branch="False" />
            <line number="28" hits="182" branch="False" />
            <line number="29" hits="182" branch="False" />
            <line number="30" hits="182" branch="False" />
            <line number="31" hits="182" branch="False" />
            <line number="13" hits="189" branch="False" />
            <line number="14" hits="189" branch="False" />
            <line number="15" hits="189" branch="False" />
            <line number="16" hits="189" branch="False" />
            <line number="17" hits="180" branch="False" />
          </lines>
        </class>
        <class name="FluxoCaixa.DBContext.FluxoCaixaContext" filename="DBContext/FluxoCaixaContext.cs" line-rate="1" branch-rate="1" complexity="3">
          <methods>
            <method name="get_Lancamentos" signature="()" line-rate="1" branch-rate="1" complexity="1">
              <lines>
                <line number="9" hits="28" branch="False" />
              </lines>
            </method>
            <method name=".ctor" signature="()" line-rate="1" branch-rate="1" complexity="1">
              <lines>
                <line number="7" hits="72" branch="False" />
              </lines>
            </method>
            <method name=".ctor" signature="(Microsoft.EntityFrameworkCore.DbContextOptions)" line-rate="1" branch-rate="1" complexity="1">
              <lines>
                <line number="8" hits="6" branch="False" />
              </lines>
            </method>
          </methods>
          <lines>
            <line number="9" hits="28" branch="False" />
            <line number="7" hits="72" branch="False" />
            <line number="8" hits="6" branch="False" />
          </lines>
        </class>
        <class name="FluxoCaixa.AppUtil.FluxoCaixaException" filename="AppUtil/FluxoCaixaException.cs" line-rate="0.75" branch-rate="1" complexity="4">
          <methods>
            <method name=".ctor" signature="()" line-rate="1" branch-rate="1" complexity="1">
              <lines>
                <line number="8" hits="3" branch="False" />
              </lines>
            </method>
            <method name=".ctor" signature="(System.String)" line-rate="1" branch-rate="1" complexity="1">
              <lines>
                <line number="9" hits="54" branch="False" />
              </lines>
            </method>
            <method name=".ctor" signature="(System.String,System.Exception)" line-rate="1" branch-rate="1" complexity="1">
              <lines>
                <line number="10" hits="6" branch="False" />
              </lines>
            </method>
            <method name=".ctor" signature="(System.Runtime.Serialization.SerializationInfo,System.Runtime.Serialization.StreamingContext)" line-rate="0" branch-rate="1" complexity="1">
              <lines>
                <line number="11" hits="0" branch="False" />
              </lines>
            </method>
          </methods>
          <lines>
            <line number="8" hits="3" branch="False" />
            <line number="9" hits="54" branch="False" />
            <line number="10" hits="6" branch="False" />
            <line number="11" hits="0" branch="False" />
          </lines>
        </class>
        <class name="FluxoCaixa.AppUtil.HealthCheck" filename="AppUtil/HealthCheck.cs" line-rate="1" branch-rate="1" complexity="1">
          <methods>
            <method name=".ctor" signature="(FluxoCaixa.DBContext.FluxoCaixaContext)" line-rate="1" branch-rate="1" complexity="1">
              <lines>
                <line number="8" hits="2" branch="False" />
                <line number="9" hits="2" branch="False" />
                <line number="10" hits="2" branch="False" />
                <line number="11" hits="2" branch="False" />
              </lines>
            </method>
          </methods>
          <lines>
            <line number="8" hits="2" branch="False" />
            <line number="9" hits="2" branch="False" />
            <line number="10" hits="2" branch="False" />
            <line number="11" hits="2" branch="False" />
          </lines>
        </class>
        <class name="FluxoCaixa.AppUtil.HealthCheck/&lt;CheckHealthAsync&gt;d__2" filename="AppUtil/HealthCheck.cs" line-rate="1" branch-rate="1" complexity="4">
          <methods>
            <method name="MoveNext" signature="()" line-rate="1" branch-rate="1" complexity="4">
              <lines>
                <line number="15" hits="2" branch="False" />
                <line number="16" hits="2" branch="True" condition-coverage="100% (2/2)">
                  <conditions>
                    <condition number="44" type="jump" coverage="100%" />
                  </conditions>
                </line>
                <line number="19" hits="2" branch="True" condition-coverage="100% (2/2)">
                  <conditions>
                    <condition number="68" type="jump" coverage="100%" />
                  </conditions>
                </line>
                <line number="20" hits="1" branch="False" />
                <line number="21" hits="1" branch="False" />
                <line number="22" hits="1" branch="False" />
                <line number="26" hits="1" branch="False" />
                <line number="27" hits="1" branch="False" />
                <line number="29" hits="2" branch="False" />
              </lines>
            </method>
          </methods>
          <lines>
            <line number="15" hits="2" branch="False" />
            <line number="16" hits="2" branch="True" condition-coverage="100% (2/2)">
              <conditions>
                <condition number="44" type="jump" coverage="100%" />
              </conditions>
            </line>
            <line number="19" hits="2" branch="True" condition-coverage="100% (2/2)">
              <conditions>
                <condition number="68" type="jump" coverage="100%" />
              </conditions>
            </line>
            <line number="20" hits="1" branch="False" />
            <line number="21" hits="1" branch="False" />
            <line number="22" hits="1" branch="False" />
            <line number="26" hits="1" branch="False" />
            <line number="27" hits="1" branch="False" />
            <line number="29" hits="2" branch="False" />
          </lines>
        </class>
        <class name="FluxoCaixa.AppExtentions.AddCorsConfiguration" filename="AppExtentions/AddCorsConfiguration.cs" line-rate="1" branch-rate="1" complexity="1">
          <methods>
            <method name="AddCustomCors" signature="(Microsoft.Extensions.DependencyInjection.IServiceCollection,System.String&amp;)" line-rate="1" branch-rate="1" complexity="1">
              <lines>
                <line number="6" hits="13" branch="False" />
                <line number="7" hits="13" branch="False" />
                <line number="8" hits="13" branch="False" />
                <line number="9" hits="13" branch="False" />
                <line number="10" hits="13" branch="False" />
                <line number="11" hits="13" branch="False" />
                <line number="12" hits="13" branch="False" />
                <line number="13" hits="13" branch="False" />
                <line number="14" hits="13" branch="False" />
                <line number="15" hits="26" branch="False" />
                <line number="16" hits="26" branch="False" />
                <line number="18" hits="13" branch="False" />
              </lines>
            </method>
          </methods>
          <lines>
            <line number="6" hits="13" branch="False" />
            <line number="7" hits="13" branch="False" />
            <line number="8" hits="13" branch="False" />
            <line number="9" hits="13" branch="False" />
            <line number="10" hits="13" branch="False" />
            <line number="11" hits="13" branch="False" />
            <line number="12" hits="13" branch="False" />
            <line number="13" hits="13" branch="False" />
            <line number="14" hits="13" branch="False" />
            <line number="15" hits="26" branch="False" />
            <line number="16" hits="26" branch="False" />
            <line number="18" hits="13" branch="False" />
          </lines>
        </class>
        <class name="FluxoCaixa.AppExtentions.AddDbContextConfiguration" filename="AppExtentions/AddDbContextConfiguration.cs" line-rate="1" branch-rate="0.5" complexity="4">
          <methods>
            <method name="AddCustomDbContext" signature="(Microsoft.AspNetCore.Builder.WebApplicationBuilder)" line-rate="1" branch-rate="0.5" complexity="4">
              <lines>
                <line number="9" hits="13" branch="False" />
                <line number="10" hits="13" branch="True" condition-coverage="50% (1/2)">
                  <conditions>
                    <condition number="24" type="jump" coverage="50%" />
                  </conditions>
                </line>
                <line number="11" hits="13" branch="False" />
                <line number="12" hits="13" branch="True" condition-coverage="50% (1/2)">
                  <conditions>
                    <condition number="68" type="jump" coverage="50%" />
                  </conditions>
                </line>
                <line number="13" hits="13" branch="False" />
                <line number="14" hits="13" branch="False" />
              </lines>
            </method>
          </methods>
          <lines>
            <line number="9" hits="13" branch="False" />
            <line number="10" hits="13" branch="True" condition-coverage="50% (1/2)">
              <conditions>
                <condition number="24" type="jump" coverage="50%" />
              </conditions>
            </line>
            <line number="11" hits="13" branch="False" />
            <line number="12" hits="13" branch="True" condition-coverage="50% (1/2)">
              <conditions>
                <condition number="68" type="jump" coverage="50%" />
              </conditions>
            </line>
            <line number="13" hits="13" branch="False" />
            <line number="14" hits="13" branch="False" />
          </lines>
        </class>
        <class name="FluxoCaixa.AppExtentions.AddDIConfiguration" filename="AppExtentions/AddDIConfiguration.cs" line-rate="1" branch-rate="1" complexity="1">
          <methods>
            <method name="AddDependencyInjection" signature="(Microsoft.Extensions.DependencyInjection.IServiceCollection)" line-rate="1" branch-rate="1" complexity="1">
              <lines>
                <line number="7" hits="13" branch="False" />
                <line number="8" hits="13" branch="False" />
                <line number="9" hits="13" branch="False" />
                <line number="10" hits="13" branch="False" />
                <line number="11" hits="13" branch="False" />
              </lines>
            </method>
          </methods>
          <lines>
            <line number="7" hits="13" branch="False" />
            <line number="8" hits="13" branch="False" />
            <line number="9" hits="13" branch="False" />
            <line number="10" hits="13" branch="False" />
            <line number="11" hits="13" branch="False" />
          </lines>
        </class>
        <class name="FluxoCaixa.AppExtentions.AddSwaggerGenConfiguration" filename="AppExtentions/AddSwaggerGenConfiguration.cs" line-rate="1" branch-rate="1" complexity="1">
          <methods>
            <method name="AddCustomSwaggerGen" signature="(Microsoft.Extensions.DependencyInjection.IServiceCollection)" line-rate="1" branch-rate="1" complexity="1">
              <lines>
                <line number="9" hits="13" branch="False" />
                <line number="10" hits="13" branch="False" />
                <line number="11" hits="13" branch="False" />
                <line number="12" hits="13" branch="False" />
                <line number="13" hits="13" branch="False" />
                <line number="14" hits="13" branch="False" />
                <line number="15" hits="13" branch="False" />
                <line number="16" hits="13" branch="False" />
                <line number="17" hits="13" branch="False" />
                <line number="18" hits="13" branch="False" />
                <line number="19" hits="13" branch="False" />
                <line number="20" hits="26" branch="False" />
              </lines>
            </method>
          </methods>
          <lines>
            <line number="9" hits="13" branch="False" />
            <line number="10" hits="13" branch="False" />
            <line number="11" hits="13" branch="False" />
            <line number="12" hits="13" branch="False" />
            <line number="13" hits="13" branch="False" />
            <line number="14" hits="13" branch="False" />
            <line number="15" hits="13" branch="False" />
            <line number="16" hits="13" branch="False" />
            <line number="17" hits="13" branch="False" />
            <line number="18" hits="13" branch="False" />
            <line number="19" hits="13" branch="False" />
            <line number="20" hits="26" branch="False" />
          </lines>
        </class>
        <class name="FluxoCaixa.AppExtentions.AddVersioningConfiguration" filename="AppExtentions/AddVersioningConfiguration.cs" line-rate="1" branch-rate="1" complexity="1">
          <methods>
            <method name="AddCustomApiVersioning" signature="(Microsoft.Extensions.DependencyInjection.IServiceCollection)" line-rate="1" branch-rate="1" complexity="1">
              <lines>
                <line number="8" hits="13" branch="False" />
                <line number="9" hits="13" branch="False" />
                <line number="10" hits="13" branch="False" />
                <line number="11" hits="13" branch="False" />
                <line number="12" hits="13" branch="False" />
                <line number="13" hits="13" branch="False" />
                <line number="14" hits="26" branch="False" />
              </lines>
            </method>
          </methods>
          <lines>
            <line number="8" hits="13" branch="False" />
            <line number="9" hits="13" branch="False" />
            <line number="10" hits="13" branch="False" />
            <line number="11" hits="13" branch="False" />
            <line number="12" hits="13" branch="False" />
            <line number="13" hits="13" branch="False" />
            <line number="14" hits="26" branch="False" />
          </lines>
        </class>
        <class name="FluxoCaixa.AppExtentions.ApiExceptionHandler" filename="AppExtentions/ApiExceptionHandler.cs" line-rate="1" branch-rate="1" complexity="1">
          <methods>
            <method name="AddCustomExceptionHandler" signature="(Microsoft.AspNetCore.Builder.WebApplication)" line-rate="1" branch-rate="1" complexity="1">
              <lines>
                <line number="10" hits="13" branch="False" />
                <line number="11" hits="13" branch="False" />
                <line number="12" hits="13" branch="False" />
                <line number="13" hits="3" branch="False" />
                <line number="14" hits="3" branch="False" />
                <line number="15" hits="13" branch="False" />
                <line number="16" hits="3" branch="False" />
                <line number="17" hits="13" branch="False" />
                <line number="18" hits="3" branch="False" />
                <line number="19" hits="3" branch="False" />
                <line number="20" hits="13" branch="False" />
                <line number="21" hits="3" branch="False" />
                <line number="22" hits="2" branch="False" />
                <line number="23" hits="2" branch="False" />
                <line number="24" hits="2" branch="False" />
                <line number="25" hits="13" branch="False" />
                <line number="26" hits="1" branch="False" />
                <line number="27" hits="1" branch="False" />
                <line number="28" hits="1" branch="False" />
                <line number="29" hits="16" branch="False" />
                <line number="30" hits="26" branch="False" />
              </lines>
            </method>
          </methods>
          <lines>
            <line number="10" hits="13" branch="False" />
            <line number="11" hits="13" branch="False" />
            <line number="12" hits="13" branch="False" />
            <line number="13" hits="3" branch="False" />
            <line number="14" hits="3" branch="False" />
            <line number="15" hits="13" branch="False" />
            <line number="16" hits="3" branch="False" />
            <line number="17" hits="13" branch="False" />
            <line number="18" hits="3" branch="False" />
            <line number="19" hits="3" branch="False" />
            <line number="20" hits="13" branch="False" />
            <line number="21" hits="3" branch="False" />
            <line number="22" hits="2" branch="False" />
            <line number="23" hits="2" branch="False" />
            <line number="24" hits="2" branch="False" />
            <line number="25" hits="13" branch="False" />
            <line number="26" hits="1" branch="False" />
            <line number="27" hits="1" branch="False" />
            <line number="28" hits="1" branch="False" />
            <line number="29" hits="16" branch="False" />
            <line number="30" hits="26" branch="False" />
          </lines>
        </class>
        <class name="FluxoCaixa.AppExtentions.ApiExceptionHandler/&lt;&gt;c/&lt;&lt;AddCustomExceptionHandler&gt;b__0_1&gt;d" filename="AppExtentions/ApiExceptionHandler.cs" line-rate="1" branch-rate="0.75" complexity="4">
          <methods />
          <lines />
        </class>
        <class name="FluxoCaixa.AppExtentions.ApiMapping" filename="AppExtentions/ApiMapping.cs" line-rate="1" branch-rate="1" complexity="1">
          <methods>
            <method name="APIMapping" signature="(Microsoft.AspNetCore.Builder.WebApplication)" line-rate="1" branch-rate="1" complexity="1">
              <lines>
                <line number="12" hits="13" branch="False" />
                <line number="13" hits="13" branch="False" />
                <line number="14" hits="13" branch="False" />
                <line number="15" hits="13" branch="False" />
                <line number="16" hits="13" branch="False" />
                <line number="18" hits="14" branch="False" />
                <line number="20" hits="13" branch="False" />
                <line number="21" hits="13" branch="False" />
                <line number="23" hits="15" branch="False" />
                <line number="24" hits="2" branch="False" />
                <line number="25" hits="2" branch="False" />
                <line number="26" hits="2" branch="False" />
                <line number="27" hits="13" branch="False" />
                <line number="29" hits="15" branch="False" />
                <line number="30" hits="2" branch="False" />
                <line number="31" hits="2" branch="False" />
                <line number="32" hits="15" branch="False" />
                <line number="34" hits="13" branch="False" />
                <line number="35" hits="2" branch="False" />
                <line number="36" hits="2" branch="False" />
                <line number="37" hits="1" branch="False" />
                <line number="38" hits="1" branch="False" />
                <line number="39" hits="13" branch="False" />
                <line number="41" hits="13" branch="False" />
                <line number="42" hits="3" branch="False" />
                <line number="43" hits="3" branch="False" />
                <line number="44" hits="2" branch="False" />
                <line number="45" hits="2" branch="False" />
                <line number="46" hits="13" branch="False" />
                <line number="47" hits="13" branch="False" />
                <line number="49" hits="13" branch="False" />
                <line number="50" hits="3" branch="False" />
                <line number="51" hits="3" branch="False" />
                <line number="52" hits="2" branch="False" />
                <line number="53" hits="15" branch="False" />
                <line number="55" hits="13" branch="False" />
                <line number="56" hits="13" branch="False" />
              </lines>
            </method>
          </methods>
          <lines>
            <line number="12" hits="13" branch="False" />
            <line number="13" hits="13" branch="False" />
            <line number="14" hits="13" branch="False" />
            <line number="15" hits="13" branch="False" />
            <line number="16" hits="13" branch="False" />
            <line number="18" hits="14" branch="False" />
            <line number="20" hits="13" branch="False" />
            <line number="21" hits="13" branch="False" />
            <line number="23" hits="15" branch="False" />
            <line number="24" hits="2" branch="False" />
            <line number="25" hits="2" branch="False" />
            <line number="26" hits="2" branch="False" />
            <line number="27" hits="13" branch="False" />
            <line number="29" hits="15" branch="False" />
            <line number="30" hits="2" branch="False" />
            <line number="31" hits="2" branch="False" />
            <line number="32" hits="15" branch="False" />
            <line number="34" hits="13" branch="False" />
            <line number="35" hits="2" branch="False" />
            <line number="36" hits="2" branch="False" />
            <line number="37" hits="1" branch="False" />
            <line number="38" hits="1" branch="False" />
            <line number="39" hits="13" branch="False" />
            <line number="41" hits="13" branch="False" />
            <line number="42" hits="3" branch="False" />
            <line number="43" hits="3" branch="False" />
            <line number="44" hits="2" branch="False" />
            <line number="45" hits="2" branch="False" />
            <line number="46" hits="13" branch="False" />
            <line number="47" hits="13" branch="False" />
            <line number="49" hits="13" branch="False" />
            <line number="50" hits="3" branch="False" />
            <line number="51" hits="3" branch="False" />
            <line number="52" hits="2" branch="False" />
            <line number="53" hits="15" branch="False" />
            <line number="55" hits="13" branch="False" />
            <line number="56" hits="13" branch="False" />
          </lines>
        </class>
        <class name="FluxoCaixa.AppExtentions.ApiMapping/&lt;&gt;c/&lt;&lt;APIMapping&gt;b__0_2&gt;d" filename="AppExtentions/ApiMapping.cs" line-rate="1" branch-rate="1" complexity="2">
          <methods />
          <lines />
        </class>
        <class name="FluxoCaixa.AppExtentions.ApiMapping/&lt;&gt;c/&lt;&lt;APIMapping&gt;b__0_3&gt;d" filename="AppExtentions/ApiMapping.cs" line-rate="1" branch-rate="1" complexity="2">
          <methods />
          <lines />
        </class>
        <class name="FluxoCaixa.AppExtentions.ApiMapping/&lt;&gt;c/&lt;&lt;APIMapping&gt;b__0_5&gt;d" filename="AppExtentions/ApiMapping.cs" line-rate="1" branch-rate="1" complexity="2">
          <methods />
          <lines />
        </class>
        <class name="FluxoCaixa.AppExtentions.ApiMapping/&lt;&gt;c/&lt;&lt;APIMapping&gt;b__0_6&gt;d" filename="AppExtentions/ApiMapping.cs" line-rate="1" branch-rate="1" complexity="2">
          <methods />
          <lines />
        </class>
        <class name="FluxoCaixa.AppExtentions.AppUseSwagger" filename="AppExtentions/AppUseSwagger.cs" line-rate="1" branch-rate="1" complexity="1">
          <methods>
            <method name="UseSwaggerConfiguration" signature="(Microsoft.AspNetCore.Builder.WebApplication)" line-rate="1" branch-rate="1" complexity="1">
              <lines>
                <line number="6" hits="13" branch="False" />
                <line number="7" hits="13" branch="False" />
                <line number="8" hits="13" branch="False" />
                <line number="9" hits="13" branch="False" />
                <line number="10" hits="13" branch="False" />
                <line number="11" hits="26" branch="False" />
                <line number="12" hits="13" branch="False" />
                <line number="13" hits="13" branch="False" />
              </lines>
            </method>
          </methods>
          <lines>
            <line number="6" hits="13" branch="False" />
            <line number="7" hits="13" branch="False" />
            <line number="8" hits="13" branch="False" />
            <line number="9" hits="13" branch="False" />
            <line number="10" hits="13" branch="False" />
            <line number="11" hits="26" branch="False" />
            <line number="12" hits="13" branch="False" />
            <line number="13" hits="13" branch="False" />
          </lines>
        </class>
      </classes>
    </package>
  </packages>
</coverage>